# JRE version: OpenJDK Runtime Environment Temurin-21.0.8+9 (21.0.8+9) (build 21.0.8+9-LTS)
# Java VM: OpenJDK 64-Bit Server VM Temurin-21.0.8+9 (21.0.8+9-LTS, mixed mode, sharing, tiered, compressed oops, compressed class ptrs, parallel gc, windows-amd64)
GC Precious Log:
 CardTable entry size: 512
 CPUs: 12 total, 12 available
 Memory: 7929M
 Large Page Support: Disabled
 NUMA Support: Disabled
 Compressed Oops: Enabled (32-bit)
 Alignments: Space 512K, Generation 512K, Heap 2M
 Heap Min Capacity: 100M
 Heap Initial Capacity: 100M
 Heap Max Capacity: 2G
 Pre-touch: Disabled
 Parallel Workers: 10
Heap:
 PSYoungGen      total 11264K, used 7621K [0x00000000d5580000, 0x00000000d6380000, 0x0000000100000000)
  eden space 10240K, 68% used [0x00000000d5580000,0x00000000d5c62b20,0x00000000d5f80000)
  from space 1024K, 55% used [0x00000000d6200000,0x00000000d628e900,0x00000000d6300000)
  to   space 512K, 0% used [0x00000000d6300000,0x00000000d6300000,0x00000000d6380000)
 ParOldGen       total 899584K, used 899509K [0x0000000080000000, 0x00000000b6e80000, 0x00000000d5580000)
  object space 899584K, 99% used [0x0000000080000000,0x00000000b6e6d728,0x00000000b6e80000)
 Metaspace       used 99352K, committed 101120K, reserved 1179648K
  class space    used 9908K, committed 10752K, reserved 1048576K
GC Heap History (20 events):
Event: 7246.164 GC heap before
{Heap before GC invocations=2611 (full 8):
 PSYoungGen      total 12288K, used 11167K [0x00000000d5580000, 0x00000000d6780000, 0x0000000100000000)
  eden space 10240K, 100% used [0x00000000d5580000,0x00000000d5f80000,0x00000000d5f80000)
  from space 2048K, 45% used [0x00000000d6400000,0x00000000d64e7d80,0x00000000d6600000)
  to   space 1536K, 0% used [0x00000000d6600000,0x00000000d6600000,0x00000000d6780000)
 ParOldGen       total 892928K, used 892508K [0x0000000080000000, 0x00000000b6800000, 0x00000000d5580000)
  object space 892928K, 99% used [0x0000000080000000,0x00000000b6797170,0x00000000b6800000)
 Metaspace       used 99344K, committed 101120K, reserved 1179648K
  class space    used 9908K, committed 10752K, reserved 1048576K
}
Event: 7246.178 GC heap after
{Heap after GC invocations=2611 (full 8):
 PSYoungGen      total 11776K, used 1250K [0x00000000d5580000, 0x00000000d6780000, 0x0000000100000000)
  eden space 10240K, 0% used [0x00000000d5580000,0x00000000d5580000,0x00000000d5f80000)
  from space 1536K, 81% used [0x00000000d6600000,0x00000000d6738830,0x00000000d6780000)
  to   space 1536K, 0% used [0x00000000d6480000,0x00000000d6480000,0x00000000d6600000)
 ParOldGen       total 893440K, used 893275K [0x0000000080000000, 0x00000000b6880000, 0x00000000d5580000)
  object space 893440K, 99% used [0x0000000080000000,0x00000000b6856ef0,0x00000000b6880000)
 Metaspace       used 99344K, committed 101120K, reserved 1179648K
  class space    used 9908K, committed 10752K, reserved 1048576K
}
Event: 7246.306 GC heap before
{Heap before GC invocations=2612 (full 8):
 PSYoungGen      total 11776K, used 11490K [0x00000000d5580000, 0x00000000d6780000, 0x0000000100000000)
  eden space 10240K, 100% used [0x00000000d5580000,0x00000000d5f80000,0x00000000d5f80000)
  from space 1536K, 81% used [0x00000000d6600000,0x00000000d6738830,0x00000000d6780000)
  to   space 1536K, 0% used [0x00000000d6480000,0x00000000d6480000,0x00000000d6600000)
 ParOldGen       total 893440K, used 893275K [0x0000000080000000, 0x00000000b6880000, 0x00000000d5580000)
  object space 893440K, 99% used [0x0000000080000000,0x00000000b6856ef0,0x00000000b6880000)
 Metaspace       used 99344K, committed 101120K, reserved 1179648K
  class space    used 9908K, committed 10752K, reserved 1048576K
}
Event: 7246.312 GC heap after
{Heap after GC invocations=2612 (full 8):
 PSYoungGen      total 11264K, used 1024K [0x00000000d5580000, 0x00000000d6680000, 0x0000000100000000)
  eden space 10240K, 0% used [0x00000000d5580000,0x00000000d5580000,0x00000000d5f80000)
  from space 1024K, 100% used [0x00000000d6480000,0x00000000d6580000,0x00000000d6580000)
  to   space 1024K, 0% used [0x00000000d6580000,0x00000000d6580000,0x00000000d6680000)
 ParOldGen       total 894464K, used 894358K [0x0000000080000000, 0x00000000b6980000, 0x00000000d5580000)
  object space 894464K, 99% used [0x0000000080000000,0x00000000b6965b10,0x00000000b6980000)
 Metaspace       used 99344K, committed 101120K, reserved 1179648K
  class space    used 9908K, committed 10752K, reserved 1048576K
}
Event: 7246.487 GC heap before
{Heap before GC invocations=2613 (full 8):
 PSYoungGen      total 11264K, used 11264K [0x00000000d5580000, 0x00000000d6680000, 0x0000000100000000)
  eden space 10240K, 100% used [0x00000000d5580000,0x00000000d5f80000,0x00000000d5f80000)
  from space 1024K, 100% used [0x00000000d6480000,0x00000000d6580000,0x00000000d6580000)
  to   space 1024K, 0% used [0x00000000d6580000,0x00000000d6580000,0x00000000d6680000)
 ParOldGen       total 894464K, used 894358K [0x0000000080000000, 0x00000000b6980000, 0x00000000d5580000)
  object space 894464K, 99% used [0x0000000080000000,0x00000000b6965b10,0x00000000b6980000)
 Metaspace       used 99345K, committed 101120K, reserved 1179648K
  class space    used 9908K, committed 10752K, reserved 1048576K
}
Event: 7246.494 GC heap after
{Heap after GC invocations=2613 (full 8):
 PSYoungGen      total 11264K, used 1017K [0x00000000d5580000, 0x00000000d6680000, 0x0000000100000000)
  eden space 10240K, 0% used [0x00000000d5580000,0x00000000d5580000,0x00000000d5f80000)
  from space 1024K, 99% used [0x00000000d6580000,0x00000000d667e430,0x00000000d6680000)
  to   space 2560K, 0% used [0x00000000d6180000,0x00000000d6180000,0x00000000d6400000)
 ParOldGen       total 896000K, used 895493K [0x0000000080000000, 0x00000000b6b00000, 0x00000000d5580000)
  object space 896000K, 99% used [0x0000000080000000,0x00000000b6a81698,0x00000000b6b00000)
 Metaspace       used 99345K, committed 101120K, reserved 1179648K
  class space    used 9908K, committed 10752K, reserved 1048576K
}
Event: 7246.686 GC heap before
{Heap before GC invocations=2614 (full 8):
 PSYoungGen      total 11264K, used 11257K [0x00000000d5580000, 0x00000000d6680000, 0x0000000100000000)
  eden space 10240K, 100% used [0x00000000d5580000,0x00000000d5f80000,0x00000000d5f80000)
  from space 1024K, 99% used [0x00000000d6580000,0x00000000d667e430,0x00000000d6680000)
  to   space 2560K, 0% used [0x00000000d6180000,0x00000000d6180000,0x00000000d6400000)
 ParOldGen       total 896000K, used 895493K [0x0000000080000000, 0x00000000b6b00000, 0x00000000d5580000)
  object space 896000K, 99% used [0x0000000080000000,0x00000000b6a81698,0x00000000b6b00000)
 Metaspace       used 99346K, committed 101120K, reserved 1179648K
  class space    used 9908K, committed 10752K, reserved 1048576K
}
Event: 7246.691 GC heap after
{Heap after GC invocations=2614 (full 8):
 PSYoungGen      total 12800K, used 1268K [0x00000000d5580000, 0x00000000d6600000, 0x0000000100000000)
  eden space 10240K, 0% used [0x00000000d5580000,0x00000000d5580000,0x00000000d5f80000)
  from space 2560K, 49% used [0x00000000d6180000,0x00000000d62bd200,0x00000000d6400000)
  to   space 2048K, 0% used [0x00000000d6400000,0x00000000d6400000,0x00000000d6600000)
 ParOldGen       total 897024K, used 896532K [0x0000000080000000, 0x00000000b6c00000, 0x00000000d5580000)
  object space 897024K, 99% used [0x0000000080000000,0x00000000b6b85358,0x00000000b6c00000)
 Metaspace       used 99346K, committed 101120K, reserved 1179648K
  class space    used 9908K, committed 10752K, reserved 1048576K
}
Event: 7246.725 GC heap before
{Heap before GC invocations=2615 (full 8):
 PSYoungGen      total 12800K, used 11508K [0x00000000d5580000, 0x00000000d6600000, 0x0000000100000000)
  eden space 10240K, 100% used [0x00000000d5580000,0x00000000d5f80000,0x00000000d5f80000)
  from space 2560K, 49% used [0x00000000d6180000,0x00000000d62bd200,0x00000000d6400000)
  to   space 2048K, 0% used [0x00000000d6400000,0x00000000d6400000,0x00000000d6600000)
 ParOldGen       total 897024K, used 896532K [0x0000000080000000, 0x00000000b6c00000, 0x00000000d5580000)
  object space 897024K, 99% used [0x0000000080000000,0x00000000b6b85358,0x00000000b6c00000)
 Metaspace       used 99346K, committed 101120K, reserved 1179648K
  class space    used 9908K, committed 10752K, reserved 1048576K
}
Event: 7246.730 GC heap after
{Heap after GC invocations=2615 (full 8):
 PSYoungGen      total 11264K, used 794K [0x00000000d5580000, 0x00000000d6500000, 0x0000000100000000)
  eden space 10240K, 0% used [0x00000000d5580000,0x00000000d5580000,0x00000000d5f80000)
  from space 1024K, 77% used [0x00000000d6400000,0x00000000d64c6900,0x00000000d6500000)
  to   space 1024K, 0% used [0x00000000d6300000,0x00000000d6300000,0x00000000d6400000)
 ParOldGen       total 897024K, used 896998K [0x0000000080000000, 0x00000000b6c00000, 0x00000000d5580000)
  object space 897024K, 99% used [0x0000000080000000,0x00000000b6bf9ae8,0x00000000b6c00000)
 Metaspace       used 99346K, committed 101120K, reserved 1179648K
  class space    used 9908K, committed 10752K, reserved 1048576K
}
Event: 7247.648 GC heap before
{Heap before GC invocations=2616 (full 8):
 PSYoungGen      total 11264K, used 11034K [0x00000000d5580000, 0x00000000d6500000, 0x0000000100000000)
  eden space 10240K, 100% used [0x00000000d5580000,0x00000000d5f80000,0x00000000d5f80000)
  from space 1024K, 77% used [0x00000000d6400000,0x00000000d64c6900,0x00000000d6500000)
  to   space 1024K, 0% used [0x00000000d6300000,0x00000000d6300000,0x00000000d6400000)
 ParOldGen       total 897024K, used 896998K [0x0000000080000000, 0x00000000b6c00000, 0x00000000d5580000)
  object space 897024K, 99% used [0x0000000080000000,0x00000000b6bf9ae8,0x00000000b6c00000)
 Metaspace       used 99346K, committed 101120K, reserved 1179648K
  class space    used 9908K, committed 10752K, reserved 1048576K
}
Event: 7247.651 GC heap after
{Heap after GC invocations=2616 (full 8):
 PSYoungGen      total 11264K, used 825K [0x00000000d5580000, 0x00000000d6480000, 0x0000000100000000)
  eden space 10240K, 0% used [0x00000000d5580000,0x00000000d5580000,0x00000000d5f80000)
  from space 1024K, 80% used [0x00000000d6300000,0x00000000d63ce410,0x00000000d6400000)
  to   space 512K, 0% used [0x00000000d6400000,0x00000000d6400000,0x00000000d6480000)
 ParOldGen       total 897024K, used 897014K [0x0000000080000000, 0x00000000b6c00000, 0x00000000d5580000)
  object space 897024K, 99% used [0x0000000080000000,0x00000000b6bfdae8,0x00000000b6c00000)
 Metaspace       used 99346K, committed 101120K, reserved 1179648K
  class space    used 9908K, committed 10752K, reserved 1048576K
}
Event: 7247.689 GC heap before
{Heap before GC invocations=2617 (full 8):
 PSYoungGen      total 11264K, used 11065K [0x00000000d5580000, 0x00000000d6480000, 0x0000000100000000)
  eden space 10240K, 100% used [0x00000000d5580000,0x00000000d5f80000,0x00000000d5f80000)
  from space 1024K, 80% used [0x00000000d6300000,0x00000000d63ce410,0x00000000d6400000)
  to   space 512K, 0% used [0x00000000d6400000,0x00000000d6400000,0x00000000d6480000)
 ParOldGen       total 897024K, used 897014K [0x0000000080000000, 0x00000000b6c00000, 0x00000000d5580000)
  object space 897024K, 99% used [0x0000000080000000,0x00000000b6bfdae8,0x00000000b6c00000)
 Metaspace       used 99346K, committed 101120K, reserved 1179648K
  class space    used 9908K, committed 10752K, reserved 1048576K
}
Event: 7247.693 GC heap after
{Heap after GC invocations=2617 (full 8):
 PSYoungGen      total 10752K, used 505K [0x00000000d5580000, 0x00000000d6480000, 0x0000000100000000)
  eden space 10240K, 0% used [0x00000000d5580000,0x00000000d5580000,0x00000000d5f80000)
  from space 512K, 98% used [0x00000000d6400000,0x00000000d647e410,0x00000000d6480000)
  to   space 1536K, 0% used [0x00000000d6180000,0x00000000d6180000,0x00000000d6300000)
 ParOldGen       total 898048K, used 897879K [0x0000000080000000, 0x00000000b6d00000, 0x00000000d5580000)
  object space 898048K, 99% used [0x0000000080000000,0x00000000b6cd5ef8,0x00000000b6d00000)
 Metaspace       used 99346K, committed 101120K, reserved 1179648K
  class space    used 9908K, committed 10752K, reserved 1048576K
}
Event: 7247.705 GC heap before
{Heap before GC invocations=2618 (full 8):
 PSYoungGen      total 10752K, used 10745K [0x00000000d5580000, 0x00000000d6480000, 0x0000000100000000)
  eden space 10240K, 100% used [0x00000000d5580000,0x00000000d5f80000,0x00000000d5f80000)
  from space 512K, 98% used [0x00000000d6400000,0x00000000d647e410,0x00000000d6480000)
  to   space 1536K, 0% used [0x00000000d6180000,0x00000000d6180000,0x00000000d6300000)
 ParOldGen       total 898048K, used 897879K [0x0000000080000000, 0x00000000b6d00000, 0x00000000d5580000)
  object space 898048K, 99% used [0x0000000080000000,0x00000000b6cd5ef8,0x00000000b6d00000)
 Metaspace       used 99346K, committed 101120K, reserved 1179648K
  class space    used 9908K, committed 10752K, reserved 1048576K
}
Event: 7247.710 GC heap after
{Heap after GC invocations=2618 (full 8):
 PSYoungGen      total 11776K, used 921K [0x00000000d5580000, 0x00000000d6480000, 0x0000000100000000)
  eden space 10240K, 0% used [0x00000000d5580000,0x00000000d5580000,0x00000000d5f80000)
  from space 1536K, 59% used [0x00000000d6180000,0x00000000d6266410,0x00000000d6300000)
  to   space 1536K, 0% used [0x00000000d6300000,0x00000000d6300000,0x00000000d6480000)
 ParOldGen       total 898560K, used 898424K [0x0000000080000000, 0x00000000b6d80000, 0x00000000d5580000)
  object space 898560K, 99% used [0x0000000080000000,0x00000000b6d5e308,0x00000000b6d80000)
 Metaspace       used 99346K, committed 101120K, reserved 1179648K
  class space    used 9908K, committed 10752K, reserved 1048576K
}
Event: 7248.298 GC heap before
{Heap before GC invocations=2619 (full 8):
 PSYoungGen      total 11776K, used 11161K [0x00000000d5580000, 0x00000000d6480000, 0x0000000100000000)
  eden space 10240K, 100% used [0x00000000d5580000,0x00000000d5f80000,0x00000000d5f80000)
  from space 1536K, 59% used [0x00000000d6180000,0x00000000d6266410,0x00000000d6300000)
  to   space 1536K, 0% used [0x00000000d6300000,0x00000000d6300000,0x00000000d6480000)
 ParOldGen       total 898560K, used 898424K [0x0000000080000000, 0x00000000b6d80000, 0x00000000d5580000)
  object space 898560K, 99% used [0x0000000080000000,0x00000000b6d5e308,0x00000000b6d80000)
 Metaspace       used 99346K, committed 101120K, reserved 1179648K
  class space    used 9908K, committed 10752K, reserved 1048576K
}
Event: 7248.302 GC heap after
{Heap after GC invocations=2619 (full 8):
 PSYoungGen      total 11264K, used 948K [0x00000000d5580000, 0x00000000d6400000, 0x0000000100000000)
  eden space 10240K, 0% used [0x00000000d5580000,0x00000000d5580000,0x00000000d5f80000)
  from space 1024K, 92% used [0x00000000d6300000,0x00000000d63ed200,0x00000000d6400000)
  to   space 1024K, 0% used [0x00000000d6200000,0x00000000d6200000,0x00000000d6300000)
 ParOldGen       total 899584K, used 899145K [0x0000000080000000, 0x00000000b6e80000, 0x00000000d5580000)
  object space 899584K, 99% used [0x0000000080000000,0x00000000b6e12718,0x00000000b6e80000)
 Metaspace       used 99346K, committed 101120K, reserved 1179648K
  class space    used 9908K, committed 10752K, reserved 1048576K
}
Event: 7248.316 GC heap before
{Heap before GC invocations=2620 (full 8):
 PSYoungGen      total 11264K, used 11188K [0x00000000d5580000, 0x00000000d6400000, 0x0000000100000000)
  eden space 10240K, 100% used [0x00000000d5580000,0x00000000d5f80000,0x00000000d5f80000)
  from space 1024K, 92% used [0x00000000d6300000,0x00000000d63ed200,0x00000000d6400000)
  to   space 1024K, 0% used [0x00000000d6200000,0x00000000d6200000,0x00000000d6300000)
 ParOldGen       total 899584K, used 899145K [0x0000000080000000, 0x00000000b6e80000, 0x00000000d5580000)
  object space 899584K, 99% used [0x0000000080000000,0x00000000b6e12718,0x00000000b6e80000)
 Metaspace       used 99346K, committed 101120K, reserved 1179648K
  class space    used 9908K, committed 10752K, reserved 1048576K
}
Event: 7248.320 GC heap after
{Heap after GC invocations=2620 (full 8):
 PSYoungGen      total 11264K, used 570K [0x00000000d5580000, 0x00000000d6380000, 0x0000000100000000)
  eden space 10240K, 0% used [0x00000000d5580000,0x00000000d5580000,0x00000000d5f80000)
  from space 1024K, 55% used [0x00000000d6200000,0x00000000d628e900,0x00000000d6300000)
  to   space 512K, 0% used [0x00000000d6300000,0x00000000d6300000,0x00000000d6380000)
 ParOldGen       total 899584K, used 899509K [0x0000000080000000, 0x00000000b6e80000, 0x00000000d5580000)
  object space 899584K, 99% used [0x0000000080000000,0x00000000b6e6d728,0x00000000b6e80000)
 Metaspace       used 99346K, committed 101120K, reserved 1179648K
  class space    used 9908K, committed 10752K, reserved 1048576K
}

