# JRE version: Java(TM) SE Runtime Environment (21.0.8+12) (build 21.0.8+12-LTS-250)
# Java VM: Java HotSpot(TM) 64-Bit Server VM (21.0.8+12-LTS-250, mixed mode, emulated-client, sharing, tiered, compressed oops, compressed class ptrs, g1 gc, windows-amd64)
GC Precious Log:
 CardTable entry size: 512
 Card Set container configuration: InlinePtr #cards 5 size 8 Array Of Cards #cards 12 size 40 Howl #buckets 4 coarsen threshold 1843 Howl Bitmap #cards 512 size 80 coarsen threshold 460 Card regions per heap region 1 cards per card region 2048
 CPUs: 12 total, 12 available
 Memory: 7929M
 Large Page Support: Disabled
 NUMA Support: Disabled
 Compressed Oops: Enabled (32-bit)
 Heap Region Size: 1M
 Heap Min Capacity: 8M
 Heap Initial Capacity: 124M
 Heap Max Capacity: 1984M
 Pre-touch: Disabled
 Parallel Workers: 10
 Concurrent Workers: 3
 Concurrent Refinement Workers: 10
 Periodic GC: Disabled
Heap:
 garbage-first heap   total 193536K, used 124610K [0x0000000084000000, 0x0000000100000000)
  region size 1024K, 64 young (65536K), 6 survivors (6144K)
 Metaspace       used 109125K, committed 110080K, reserved 1179648K
  class space    used 15280K, committed 15744K, reserved 1048576K
GC Heap History (20 events):
Event: 32.604 GC heap after
{Heap after GC invocations=27 (full 0):
 garbage-first heap   total 141312K, used 73643K [0x0000000084000000, 0x0000000100000000)
  region size 1024K, 6 young (6144K), 6 survivors (6144K)
 Metaspace       used 91572K, committed 92416K, reserved 1179648K
  class space    used 12789K, committed 13184K, reserved 1048576K
}
Event: 33.099 GC heap before
{Heap before GC invocations=27 (full 0):
 garbage-first heap   total 141312K, used 124843K [0x0000000084000000, 0x0000000100000000)
  region size 1024K, 57 young (58368K), 6 survivors (6144K)
 Metaspace       used 96576K, committed 97472K, reserved 1179648K
  class space    used 13508K, committed 13888K, reserved 1048576K
}
Event: 33.109 GC heap after
{Heap after GC invocations=28 (full 0):
 garbage-first heap   total 193536K, used 78416K [0x0000000084000000, 0x0000000100000000)
  region size 1024K, 6 young (6144K), 6 survivors (6144K)
 Metaspace       used 96576K, committed 97472K, reserved 1179648K
  class space    used 13508K, committed 13888K, reserved 1048576K
}
Event: 370.965 GC heap before
{Heap before GC invocations=28 (full 0):
 garbage-first heap   total 193536K, used 172624K [0x0000000084000000, 0x0000000100000000)
  region size 1024K, 99 young (101376K), 6 survivors (6144K)
 Metaspace       used 101923K, committed 102912K, reserved 1179648K
  class space    used 14209K, committed 14656K, reserved 1048576K
}
Event: 371.044 GC heap after
{Heap after GC invocations=29 (full 0):
 garbage-first heap   total 193536K, used 78610K [0x0000000084000000, 0x0000000100000000)
  region size 1024K, 7 young (7168K), 7 survivors (7168K)
 Metaspace       used 101923K, committed 102912K, reserved 1179648K
  class space    used 14209K, committed 14656K, reserved 1048576K
}
Event: 767.114 GC heap before
{Heap before GC invocations=30 (full 0):
 garbage-first heap   total 193536K, used 168722K [0x0000000084000000, 0x0000000100000000)
  region size 1024K, 101 young (103424K), 7 survivors (7168K)
 Metaspace       used 101749K, committed 102912K, reserved 1179648K
  class space    used 14165K, committed 14656K, reserved 1048576K
}
Event: 767.272 GC heap after
{Heap after GC invocations=31 (full 0):
 garbage-first heap   total 193536K, used 71663K [0x0000000084000000, 0x0000000100000000)
  region size 1024K, 6 young (6144K), 6 survivors (6144K)
 Metaspace       used 101749K, committed 102912K, reserved 1179648K
  class space    used 14165K, committed 14656K, reserved 1048576K
}
Event: 1238.765 GC heap before
{Heap before GC invocations=31 (full 0):
 garbage-first heap   total 193536K, used 175087K [0x0000000084000000, 0x0000000100000000)
  region size 1024K, 108 young (110592K), 6 survivors (6144K)
 Metaspace       used 101792K, committed 102912K, reserved 1179648K
  class space    used 14177K, committed 14656K, reserved 1048576K
}
Event: 1238.819 GC heap after
{Heap after GC invocations=32 (full 0):
 garbage-first heap   total 193536K, used 70400K [0x0000000084000000, 0x0000000100000000)
  region size 1024K, 5 young (5120K), 5 survivors (5120K)
 Metaspace       used 101792K, committed 102912K, reserved 1179648K
  class space    used 14177K, committed 14656K, reserved 1048576K
}
Event: 1393.038 GC heap before
{Heap before GC invocations=32 (full 0):
 garbage-first heap   total 193536K, used 108288K [0x0000000084000000, 0x0000000100000000)
  region size 1024K, 44 young (45056K), 5 survivors (5120K)
 Metaspace       used 101846K, committed 102912K, reserved 1179648K
  class space    used 14187K, committed 14656K, reserved 1048576K
}
Event: 1393.080 GC heap after
{Heap after GC invocations=33 (full 0):
 garbage-first heap   total 193536K, used 71104K [0x0000000084000000, 0x0000000100000000)
  region size 1024K, 6 young (6144K), 6 survivors (6144K)
 Metaspace       used 101846K, committed 102912K, reserved 1179648K
  class space    used 14187K, committed 14656K, reserved 1048576K
}
Event: 1692.984 GC heap before
{Heap before GC invocations=34 (full 0):
 garbage-first heap   total 193536K, used 176576K [0x0000000084000000, 0x0000000100000000)
  region size 1024K, 109 young (111616K), 6 survivors (6144K)
 Metaspace       used 102800K, committed 103616K, reserved 1179648K
  class space    used 14348K, committed 14720K, reserved 1048576K
}
Event: 1693.045 GC heap after
{Heap after GC invocations=35 (full 0):
 garbage-first heap   total 193536K, used 71612K [0x0000000084000000, 0x0000000100000000)
  region size 1024K, 7 young (7168K), 7 survivors (7168K)
 Metaspace       used 102800K, committed 103616K, reserved 1179648K
  class space    used 14348K, committed 14720K, reserved 1048576K
}
Event: 2156.697 GC heap before
{Heap before GC invocations=35 (full 0):
 garbage-first heap   total 193536K, used 175036K [0x0000000084000000, 0x0000000100000000)
  region size 1024K, 108 young (110592K), 7 survivors (7168K)
 Metaspace       used 102923K, committed 103744K, reserved 1179648K
  class space    used 14361K, committed 14720K, reserved 1048576K
}
Event: 2156.840 GC heap after
{Heap after GC invocations=36 (full 0):
 garbage-first heap   total 193536K, used 65861K [0x0000000084000000, 0x0000000100000000)
  region size 1024K, 7 young (7168K), 7 survivors (7168K)
 Metaspace       used 102923K, committed 103744K, reserved 1179648K
  class space    used 14361K, committed 14720K, reserved 1048576K
}
Event: 2473.283 GC heap before
{Heap before GC invocations=36 (full 0):
 garbage-first heap   total 193536K, used 173381K [0x0000000084000000, 0x0000000100000000)
  region size 1024K, 113 young (115712K), 7 survivors (7168K)
 Metaspace       used 108652K, committed 109568K, reserved 1179648K
  class space    used 15191K, committed 15616K, reserved 1048576K
}
Event: 2473.431 GC heap after
{Heap after GC invocations=37 (full 0):
 garbage-first heap   total 193536K, used 67620K [0x0000000084000000, 0x0000000100000000)
  region size 1024K, 9 young (9216K), 9 survivors (9216K)
 Metaspace       used 108652K, committed 109568K, reserved 1179648K
  class space    used 15191K, committed 15616K, reserved 1048576K
}
Event: 2990.640 GC heap before
{Heap before GC invocations=38 (full 0):
 garbage-first heap   total 193536K, used 173092K [0x0000000084000000, 0x0000000100000000)
  region size 1024K, 112 young (114688K), 9 survivors (9216K)
 Metaspace       used 108652K, committed 109568K, reserved 1179648K
  class space    used 15192K, committed 15616K, reserved 1048576K
}
Event: 2990.780 GC heap after
{Heap after GC invocations=39 (full 0):
 garbage-first heap   total 193536K, used 67266K [0x0000000084000000, 0x0000000100000000)
  region size 1024K, 6 young (6144K), 6 survivors (6144K)
 Metaspace       used 108652K, committed 109568K, reserved 1179648K
  class space    used 15192K, committed 15616K, reserved 1048576K
}
Event: 3191.907 GC heap before
{Heap before GC invocations=39 (full 0):
 garbage-first heap   total 193536K, used 124610K [0x0000000084000000, 0x0000000100000000)
  region size 1024K, 64 young (65536K), 6 survivors (6144K)
 Metaspace       used 109125K, committed 110080K, reserved 1179648K
  class space    used 15280K, committed 15744K, reserved 1048576K
}

