# JRE version: OpenJDK Runtime Environment Temurin-21.0.8+9 (21.0.8+9) (build 21.0.8+9-LTS)
# Java VM: OpenJDK 64-Bit Server VM Temurin-21.0.8+9 (21.0.8+9-LTS, mixed mode, sharing, tiered, compressed oops, compressed class ptrs, parallel gc, windows-amd64)
GC Precious Log:
 CardTable entry size: 512
 CPUs: 12 total, 12 available
 Memory: 7929M
 Large Page Support: Disabled
 NUMA Support: Disabled
 Compressed Oops: Enabled (32-bit)
 Alignments: Space 512K, Generation 512K, Heap 2M
 Heap Min Capacity: 100M
 Heap Initial Capacity: 100M
 Heap Max Capacity: 2G
 Pre-touch: Disabled
 Parallel Workers: 10
Heap:
 PSYoungGen      total 8704K, used 4810K [0x00000000d5580000, 0x00000000d6000000, 0x0000000100000000)
  eden space 8192K, 52% used [0x00000000d5580000,0x00000000d59b56c0,0x00000000d5d80000)
  from space 512K, 97% used [0x00000000d5f80000,0x00000000d5ffd200,0x00000000d6000000)
  to   space 1024K, 0% used [0x00000000d5e00000,0x00000000d5e00000,0x00000000d5f00000)
 ParOldGen       total 155648K, used 155401K [0x0000000080000000, 0x0000000089800000, 0x00000000d5580000)
  object space 155648K, 99% used [0x0000000080000000,0x00000000897c2790,0x0000000089800000)
 Metaspace       used 70147K, committed 71744K, reserved 1114112K
  class space    used 7171K, committed 7872K, reserved 1048576K
GC Heap History (20 events):
Event: 44.605 GC heap before
{Heap before GC invocations=218 (full 3):
 PSYoungGen      total 9216K, used 9001K [0x00000000d5580000, 0x00000000d6000000, 0x0000000100000000)
  eden space 8192K, 100% used [0x00000000d5580000,0x00000000d5d80000,0x00000000d5d80000)
  from space 1024K, 79% used [0x00000000d5f00000,0x00000000d5fca650,0x00000000d6000000)
  to   space 1024K, 0% used [0x00000000d5e00000,0x00000000d5e00000,0x00000000d5f00000)
 ParOldGen       total 148992K, used 148901K [0x0000000080000000, 0x0000000089180000, 0x00000000d5580000)
  object space 148992K, 99% used [0x0000000080000000,0x0000000089169420,0x0000000089180000)
 Metaspace       used 69977K, committed 71552K, reserved 1114112K
  class space    used 7168K, committed 7872K, reserved 1048576K
}
Event: 44.606 GC heap after
{Heap after GC invocations=218 (full 3):
 PSYoungGen      total 9216K, used 960K [0x00000000d5580000, 0x00000000d5f80000, 0x0000000100000000)
  eden space 8192K, 0% used [0x00000000d5580000,0x00000000d5580000,0x00000000d5d80000)
  from space 1024K, 93% used [0x00000000d5e00000,0x00000000d5ef0020,0x00000000d5f00000)
  to   space 512K, 0% used [0x00000000d5f00000,0x00000000d5f00000,0x00000000d5f80000)
 ParOldGen       total 150016K, used 149621K [0x0000000080000000, 0x0000000089280000, 0x00000000d5580000)
  object space 150016K, 99% used [0x0000000080000000,0x000000008921d618,0x0000000089280000)
 Metaspace       used 69977K, committed 71552K, reserved 1114112K
  class space    used 7168K, committed 7872K, reserved 1048576K
}
Event: 44.656 GC heap before
{Heap before GC invocations=219 (full 3):
 PSYoungGen      total 9216K, used 9152K [0x00000000d5580000, 0x00000000d5f80000, 0x0000000100000000)
  eden space 8192K, 100% used [0x00000000d5580000,0x00000000d5d80000,0x00000000d5d80000)
  from space 1024K, 93% used [0x00000000d5e00000,0x00000000d5ef0020,0x00000000d5f00000)
  to   space 512K, 0% used [0x00000000d5f00000,0x00000000d5f00000,0x00000000d5f80000)
 ParOldGen       total 150016K, used 149621K [0x0000000080000000, 0x0000000089280000, 0x00000000d5580000)
  object space 150016K, 99% used [0x0000000080000000,0x000000008921d618,0x0000000089280000)
 Metaspace       used 70014K, committed 71552K, reserved 1114112K
  class space    used 7170K, committed 7872K, reserved 1048576K
}
Event: 44.660 GC heap after
{Heap after GC invocations=219 (full 3):
 PSYoungGen      total 8704K, used 489K [0x00000000d5580000, 0x00000000d6080000, 0x0000000100000000)
  eden space 8192K, 0% used [0x00000000d5580000,0x00000000d5580000,0x00000000d5d80000)
  from space 512K, 95% used [0x00000000d5f00000,0x00000000d5f7a7e0,0x00000000d5f80000)
  to   space 1536K, 0% used [0x00000000d5d80000,0x00000000d5d80000,0x00000000d5f00000)
 ParOldGen       total 150528K, used 150284K [0x0000000080000000, 0x0000000089300000, 0x00000000d5580000)
  object space 150528K, 99% used [0x0000000080000000,0x00000000892c32c8,0x0000000089300000)
 Metaspace       used 70014K, committed 71552K, reserved 1114112K
  class space    used 7170K, committed 7872K, reserved 1048576K
}
Event: 44.687 GC heap before
{Heap before GC invocations=220 (full 3):
 PSYoungGen      total 8704K, used 8681K [0x00000000d5580000, 0x00000000d6080000, 0x0000000100000000)
  eden space 8192K, 100% used [0x00000000d5580000,0x00000000d5d80000,0x00000000d5d80000)
  from space 512K, 95% used [0x00000000d5f00000,0x00000000d5f7a7e0,0x00000000d5f80000)
  to   space 1536K, 0% used [0x00000000d5d80000,0x00000000d5d80000,0x00000000d5f00000)
 ParOldGen       total 150528K, used 150284K [0x0000000080000000, 0x0000000089300000, 0x00000000d5580000)
  object space 150528K, 99% used [0x0000000080000000,0x00000000892c32c8,0x0000000089300000)
 Metaspace       used 70028K, committed 71616K, reserved 1114112K
  class space    used 7170K, committed 7872K, reserved 1048576K
}
Event: 44.689 GC heap after
{Heap after GC invocations=220 (full 3):
 PSYoungGen      total 9728K, used 1024K [0x00000000d5580000, 0x00000000d6080000, 0x0000000100000000)
  eden space 8192K, 0% used [0x00000000d5580000,0x00000000d5580000,0x00000000d5d80000)
  from space 1536K, 66% used [0x00000000d5d80000,0x00000000d5e80040,0x00000000d5f00000)
  to   space 1536K, 0% used [0x00000000d5f00000,0x00000000d5f00000,0x00000000d6080000)
 ParOldGen       total 151040K, used 150779K [0x0000000080000000, 0x0000000089380000, 0x00000000d5580000)
  object space 151040K, 99% used [0x0000000080000000,0x000000008933ec90,0x0000000089380000)
 Metaspace       used 70028K, committed 71616K, reserved 1114112K
  class space    used 7170K, committed 7872K, reserved 1048576K
}
Event: 44.763 GC heap before
{Heap before GC invocations=221 (full 3):
 PSYoungGen      total 9728K, used 9216K [0x00000000d5580000, 0x00000000d6080000, 0x0000000100000000)
  eden space 8192K, 100% used [0x00000000d5580000,0x00000000d5d80000,0x00000000d5d80000)
  from space 1536K, 66% used [0x00000000d5d80000,0x00000000d5e80040,0x00000000d5f00000)
  to   space 1536K, 0% used [0x00000000d5f00000,0x00000000d5f00000,0x00000000d6080000)
 ParOldGen       total 151040K, used 150779K [0x0000000080000000, 0x0000000089380000, 0x00000000d5580000)
  object space 151040K, 99% used [0x0000000080000000,0x000000008933ec90,0x0000000089380000)
 Metaspace       used 70065K, committed 71616K, reserved 1114112K
  class space    used 7170K, committed 7872K, reserved 1048576K
}
Event: 44.765 GC heap after
{Heap after GC invocations=221 (full 3):
 PSYoungGen      total 9728K, used 1438K [0x00000000d5580000, 0x00000000d6080000, 0x0000000100000000)
  eden space 8192K, 0% used [0x00000000d5580000,0x00000000d5580000,0x00000000d5d80000)
  from space 1536K, 93% used [0x00000000d5f00000,0x00000000d6067b30,0x00000000d6080000)
  to   space 1536K, 0% used [0x00000000d5d80000,0x00000000d5d80000,0x00000000d5f00000)
 ParOldGen       total 152064K, used 151667K [0x0000000080000000, 0x0000000089480000, 0x00000000d5580000)
  object space 152064K, 99% used [0x0000000080000000,0x000000008941ccd0,0x0000000089480000)
 Metaspace       used 70065K, committed 71616K, reserved 1114112K
  class space    used 7170K, committed 7872K, reserved 1048576K
}
Event: 44.799 GC heap before
{Heap before GC invocations=222 (full 3):
 PSYoungGen      total 9728K, used 9630K [0x00000000d5580000, 0x00000000d6080000, 0x0000000100000000)
  eden space 8192K, 100% used [0x00000000d5580000,0x00000000d5d80000,0x00000000d5d80000)
  from space 1536K, 93% used [0x00000000d5f00000,0x00000000d6067b30,0x00000000d6080000)
  to   space 1536K, 0% used [0x00000000d5d80000,0x00000000d5d80000,0x00000000d5f00000)
 ParOldGen       total 152064K, used 151667K [0x0000000080000000, 0x0000000089480000, 0x00000000d5580000)
  object space 152064K, 99% used [0x0000000080000000,0x000000008941ccd0,0x0000000089480000)
 Metaspace       used 70088K, committed 71680K, reserved 1114112K
  class space    used 7170K, committed 7872K, reserved 1048576K
}
Event: 44.801 GC heap after
{Heap after GC invocations=222 (full 3):
 PSYoungGen      total 9728K, used 1119K [0x00000000d5580000, 0x00000000d6080000, 0x0000000100000000)
  eden space 8192K, 0% used [0x00000000d5580000,0x00000000d5580000,0x00000000d5d80000)
  from space 1536K, 72% used [0x00000000d5d80000,0x00000000d5e97d60,0x00000000d5f00000)
  to   space 1536K, 0% used [0x00000000d5f00000,0x00000000d5f00000,0x00000000d6080000)
 ParOldGen       total 153088K, used 152952K [0x0000000080000000, 0x0000000089580000, 0x00000000d5580000)
  object space 153088K, 99% used [0x0000000080000000,0x000000008955e3e8,0x0000000089580000)
 Metaspace       used 70088K, committed 71680K, reserved 1114112K
  class space    used 7170K, committed 7872K, reserved 1048576K
}
Event: 44.819 GC heap before
{Heap before GC invocations=223 (full 3):
 PSYoungGen      total 9728K, used 9311K [0x00000000d5580000, 0x00000000d6080000, 0x0000000100000000)
  eden space 8192K, 100% used [0x00000000d5580000,0x00000000d5d80000,0x00000000d5d80000)
  from space 1536K, 72% used [0x00000000d5d80000,0x00000000d5e97d60,0x00000000d5f00000)
  to   space 1536K, 0% used [0x00000000d5f00000,0x00000000d5f00000,0x00000000d6080000)
 ParOldGen       total 153088K, used 152952K [0x0000000080000000, 0x0000000089580000, 0x00000000d5580000)
  object space 153088K, 99% used [0x0000000080000000,0x000000008955e3e8,0x0000000089580000)
 Metaspace       used 70096K, committed 71680K, reserved 1114112K
  class space    used 7170K, committed 7872K, reserved 1048576K
}
Event: 44.821 GC heap after
{Heap after GC invocations=223 (full 3):
 PSYoungGen      total 9216K, used 896K [0x00000000d5580000, 0x00000000d6000000, 0x0000000100000000)
  eden space 8192K, 0% used [0x00000000d5580000,0x00000000d5580000,0x00000000d5d80000)
  from space 1024K, 87% used [0x00000000d5f00000,0x00000000d5fe0040,0x00000000d6000000)
  to   space 1024K, 0% used [0x00000000d5e00000,0x00000000d5e00000,0x00000000d5f00000)
 ParOldGen       total 154112K, used 153855K [0x0000000080000000, 0x0000000089680000, 0x00000000d5580000)
  object space 154112K, 99% used [0x0000000080000000,0x000000008963fdd8,0x0000000089680000)
 Metaspace       used 70096K, committed 71680K, reserved 1114112K
  class space    used 7170K, committed 7872K, reserved 1048576K
}
Event: 44.864 GC heap before
{Heap before GC invocations=224 (full 3):
 PSYoungGen      total 9216K, used 9088K [0x00000000d5580000, 0x00000000d6000000, 0x0000000100000000)
  eden space 8192K, 100% used [0x00000000d5580000,0x00000000d5d80000,0x00000000d5d80000)
  from space 1024K, 87% used [0x00000000d5f00000,0x00000000d5fe0040,0x00000000d6000000)
  to   space 1024K, 0% used [0x00000000d5e00000,0x00000000d5e00000,0x00000000d5f00000)
 ParOldGen       total 154112K, used 153855K [0x0000000080000000, 0x0000000089680000, 0x00000000d5580000)
  object space 154112K, 99% used [0x0000000080000000,0x000000008963fdd8,0x0000000089680000)
 Metaspace       used 70128K, committed 71744K, reserved 1114112K
  class space    used 7170K, committed 7872K, reserved 1048576K
}
Event: 44.866 GC heap after
{Heap after GC invocations=224 (full 3):
 PSYoungGen      total 9216K, used 1008K [0x00000000d5580000, 0x00000000d6180000, 0x0000000100000000)
  eden space 8192K, 0% used [0x00000000d5580000,0x00000000d5580000,0x00000000d5d80000)
  from space 1024K, 98% used [0x00000000d5e00000,0x00000000d5efc010,0x00000000d5f00000)
  to   space 2048K, 0% used [0x00000000d5f80000,0x00000000d5f80000,0x00000000d6180000)
 ParOldGen       total 154624K, used 154615K [0x0000000080000000, 0x0000000089700000, 0x00000000d5580000)
  object space 154624K, 99% used [0x0000000080000000,0x00000000896fde18,0x0000000089700000)
 Metaspace       used 70128K, committed 71744K, reserved 1114112K
  class space    used 7170K, committed 7872K, reserved 1048576K
}
Event: 44.898 GC heap before
{Heap before GC invocations=225 (full 3):
 PSYoungGen      total 9216K, used 9200K [0x00000000d5580000, 0x00000000d6180000, 0x0000000100000000)
  eden space 8192K, 100% used [0x00000000d5580000,0x00000000d5d80000,0x00000000d5d80000)
  from space 1024K, 98% used [0x00000000d5e00000,0x00000000d5efc010,0x00000000d5f00000)
  to   space 2048K, 0% used [0x00000000d5f80000,0x00000000d5f80000,0x00000000d6180000)
 ParOldGen       total 154624K, used 154615K [0x0000000080000000, 0x0000000089700000, 0x00000000d5580000)
  object space 154624K, 99% used [0x0000000080000000,0x00000000896fde18,0x0000000089700000)
 Metaspace       used 70131K, committed 71744K, reserved 1114112K
  class space    used 7170K, committed 7872K, reserved 1048576K
}
Event: 44.899 GC heap after
{Heap after GC invocations=225 (full 3):
 PSYoungGen      total 9216K, used 659K [0x00000000d5580000, 0x00000000d6080000, 0x0000000100000000)
  eden space 8192K, 0% used [0x00000000d5580000,0x00000000d5580000,0x00000000d5d80000)
  from space 1024K, 64% used [0x00000000d5f80000,0x00000000d6024d08,0x00000000d6080000)
  to   space 1536K, 0% used [0x00000000d5d80000,0x00000000d5d80000,0x00000000d5f00000)
 ParOldGen       total 155136K, used 155131K [0x0000000080000000, 0x0000000089780000, 0x00000000d5580000)
  object space 155136K, 99% used [0x0000000080000000,0x000000008977eca8,0x0000000089780000)
 Metaspace       used 70131K, committed 71744K, reserved 1114112K
  class space    used 7170K, committed 7872K, reserved 1048576K
}
Event: 44.920 GC heap before
{Heap before GC invocations=226 (full 3):
 PSYoungGen      total 9216K, used 8851K [0x00000000d5580000, 0x00000000d6080000, 0x0000000100000000)
  eden space 8192K, 100% used [0x00000000d5580000,0x00000000d5d80000,0x00000000d5d80000)
  from space 1024K, 64% used [0x00000000d5f80000,0x00000000d6024d08,0x00000000d6080000)
  to   space 1536K, 0% used [0x00000000d5d80000,0x00000000d5d80000,0x00000000d5f00000)
 ParOldGen       total 155136K, used 155131K [0x0000000080000000, 0x0000000089780000, 0x00000000d5580000)
  object space 155136K, 99% used [0x0000000080000000,0x000000008977eca8,0x0000000089780000)
 Metaspace       used 70135K, committed 71744K, reserved 1114112K
  class space    used 7170K, committed 7872K, reserved 1048576K
}
Event: 44.921 GC heap after
{Heap after GC invocations=226 (full 3):
 PSYoungGen      total 9728K, used 218K [0x00000000d5580000, 0x00000000d6000000, 0x0000000100000000)
  eden space 8192K, 0% used [0x00000000d5580000,0x00000000d5580000,0x00000000d5d80000)
  from space 1536K, 14% used [0x00000000d5d80000,0x00000000d5db6900,0x00000000d5f00000)
  to   space 512K, 0% used [0x00000000d5f80000,0x00000000d5f80000,0x00000000d6000000)
 ParOldGen       total 155648K, used 155289K [0x0000000080000000, 0x0000000089800000, 0x00000000d5580000)
  object space 155648K, 99% used [0x0000000080000000,0x00000000897a6780,0x0000000089800000)
 Metaspace       used 70135K, committed 71744K, reserved 1114112K
  class space    used 7170K, committed 7872K, reserved 1048576K
}
Event: 44.984 GC heap before
{Heap before GC invocations=227 (full 3):
 PSYoungGen      total 9728K, used 8410K [0x00000000d5580000, 0x00000000d6000000, 0x0000000100000000)
  eden space 8192K, 100% used [0x00000000d5580000,0x00000000d5d80000,0x00000000d5d80000)
  from space 1536K, 14% used [0x00000000d5d80000,0x00000000d5db6900,0x00000000d5f00000)
  to   space 512K, 0% used [0x00000000d5f80000,0x00000000d5f80000,0x00000000d6000000)
 ParOldGen       total 155648K, used 155289K [0x0000000080000000, 0x0000000089800000, 0x00000000d5580000)
  object space 155648K, 99% used [0x0000000080000000,0x00000000897a6780,0x0000000089800000)
 Metaspace       used 70143K, committed 71744K, reserved 1114112K
  class space    used 7171K, committed 7872K, reserved 1048576K
}
Event: 44.986 GC heap after
{Heap after GC invocations=227 (full 3):
 PSYoungGen      total 8704K, used 500K [0x00000000d5580000, 0x00000000d6000000, 0x0000000100000000)
  eden space 8192K, 0% used [0x00000000d5580000,0x00000000d5580000,0x00000000d5d80000)
  from space 512K, 97% used [0x00000000d5f80000,0x00000000d5ffd200,0x00000000d6000000)
  to   space 1024K, 0% used [0x00000000d5e00000,0x00000000d5e00000,0x00000000d5f00000)
 ParOldGen       total 155648K, used 155401K [0x0000000080000000, 0x0000000089800000, 0x00000000d5580000)
  object space 155648K, 99% used [0x0000000080000000,0x00000000897c2790,0x0000000089800000)
 Metaspace       used 70143K, committed 71744K, reserved 1114112K
  class space    used 7171K, committed 7872K, reserved 1048576K
}

